{"/Users/jason.lopez/backend-framework/apis/apis.js": {"path":"/Users/jason.lopez/backend-framework/apis/apis.js","statementMap":{"0":{"start":{"line":1,"column":27},"end":{"line":1,"column":56}},"1":{"start":{"line":2,"column":24},"end":{"line":2,"column":55}},"2":{"start":{"line":7,"column":4},"end":{"line":13,"column":5}},"3":{"start":{"line":8,"column":8},"end":{"line":8,"column":72}},"4":{"start":{"line":9,"column":8},"end":{"line":9,"column":56}},"5":{"start":{"line":10,"column":8},"end":{"line":10,"column":27}},"6":{"start":{"line":12,"column":8},"end":{"line":12,"column":46}},"7":{"start":{"line":19,"column":4},"end":{"line":25,"column":5}},"8":{"start":{"line":20,"column":8},"end":{"line":20,"column":76}},"9":{"start":{"line":21,"column":8},"end":{"line":21,"column":52}},"10":{"start":{"line":22,"column":8},"end":{"line":22,"column":27}},"11":{"start":{"line":24,"column":8},"end":{"line":24,"column":46}},"12":{"start":{"line":31,"column":4},"end":{"line":37,"column":5}},"13":{"start":{"line":32,"column":8},"end":{"line":32,"column":83}},"14":{"start":{"line":33,"column":8},"end":{"line":33,"column":46}},"15":{"start":{"line":34,"column":8},"end":{"line":34,"column":27}},"16":{"start":{"line":36,"column":8},"end":{"line":36,"column":46}},"17":{"start":{"line":43,"column":4},"end":{"line":50,"column":5}},"18":{"start":{"line":44,"column":8},"end":{"line":44,"column":106}},"19":{"start":{"line":45,"column":8},"end":{"line":45,"column":56}},"20":{"start":{"line":46,"column":8},"end":{"line":46,"column":54}},"21":{"start":{"line":47,"column":8},"end":{"line":47,"column":27}},"22":{"start":{"line":49,"column":8},"end":{"line":49,"column":46}},"23":{"start":{"line":56,"column":4},"end":{"line":63,"column":5}},"24":{"start":{"line":57,"column":8},"end":{"line":57,"column":100}},"25":{"start":{"line":58,"column":8},"end":{"line":58,"column":53}},"26":{"start":{"line":59,"column":8},"end":{"line":59,"column":56}},"27":{"start":{"line":60,"column":8},"end":{"line":60,"column":27}},"28":{"start":{"line":62,"column":8},"end":{"line":62,"column":46}},"29":{"start":{"line":70,"column":4},"end":{"line":77,"column":5}},"30":{"start":{"line":71,"column":8},"end":{"line":71,"column":66}},"31":{"start":{"line":72,"column":8},"end":{"line":72,"column":56}},"32":{"start":{"line":73,"column":8},"end":{"line":73,"column":64}},"33":{"start":{"line":74,"column":8},"end":{"line":74,"column":27}},"34":{"start":{"line":76,"column":8},"end":{"line":76,"column":46}},"35":{"start":{"line":83,"column":4},"end":{"line":89,"column":5}},"36":{"start":{"line":84,"column":8},"end":{"line":84,"column":79}},"37":{"start":{"line":85,"column":8},"end":{"line":85,"column":46}},"38":{"start":{"line":86,"column":8},"end":{"line":86,"column":27}},"39":{"start":{"line":88,"column":8},"end":{"line":88,"column":46}},"40":{"start":{"line":95,"column":4},"end":{"line":101,"column":5}},"41":{"start":{"line":96,"column":8},"end":{"line":96,"column":85}},"42":{"start":{"line":97,"column":8},"end":{"line":97,"column":51}},"43":{"start":{"line":98,"column":8},"end":{"line":98,"column":27}},"44":{"start":{"line":100,"column":8},"end":{"line":100,"column":46}},"45":{"start":{"line":107,"column":4},"end":{"line":113,"column":5}},"46":{"start":{"line":108,"column":8},"end":{"line":108,"column":89}},"47":{"start":{"line":109,"column":8},"end":{"line":109,"column":64}},"48":{"start":{"line":110,"column":8},"end":{"line":110,"column":27}},"49":{"start":{"line":112,"column":8},"end":{"line":112,"column":46}},"50":{"start":{"line":119,"column":4},"end":{"line":126,"column":5}},"51":{"start":{"line":120,"column":8},"end":{"line":120,"column":66}},"52":{"start":{"line":121,"column":8},"end":{"line":121,"column":48}},"53":{"start":{"line":122,"column":8},"end":{"line":122,"column":56}},"54":{"start":{"line":123,"column":8},"end":{"line":123,"column":27}},"55":{"start":{"line":125,"column":8},"end":{"line":125,"column":46}},"56":{"start":{"line":132,"column":4},"end":{"line":137,"column":5}},"57":{"start":{"line":133,"column":8},"end":{"line":133,"column":61}},"58":{"start":{"line":134,"column":8},"end":{"line":134,"column":27}},"59":{"start":{"line":136,"column":8},"end":{"line":136,"column":46}},"60":{"start":{"line":143,"column":4},"end":{"line":149,"column":5}},"61":{"start":{"line":144,"column":8},"end":{"line":144,"column":74}},"62":{"start":{"line":145,"column":8},"end":{"line":145,"column":52}},"63":{"start":{"line":146,"column":8},"end":{"line":146,"column":27}},"64":{"start":{"line":148,"column":8},"end":{"line":148,"column":46}},"65":{"start":{"line":155,"column":4},"end":{"line":161,"column":5}},"66":{"start":{"line":156,"column":8},"end":{"line":156,"column":114}},"67":{"start":{"line":157,"column":8},"end":{"line":157,"column":44}},"68":{"start":{"line":158,"column":8},"end":{"line":158,"column":27}},"69":{"start":{"line":160,"column":8},"end":{"line":160,"column":46}},"70":{"start":{"line":165,"column":0},"end":{"line":179,"column":1}}},"fnMap":{"0":{"name":"runAuthenticationTest","decl":{"start":{"line":4,"column":15},"end":{"line":4,"column":36}},"loc":{"start":{"line":4,"column":50},"end":{"line":14,"column":1}},"line":4},"1":{"name":"createCustomer","decl":{"start":{"line":16,"column":15},"end":{"line":16,"column":29}},"loc":{"start":{"line":16,"column":50},"end":{"line":26,"column":1}},"line":16},"2":{"name":"updateCustomerPolicy","decl":{"start":{"line":28,"column":15},"end":{"line":28,"column":35}},"loc":{"start":{"line":28,"column":56},"end":{"line":38,"column":1}},"line":28},"3":{"name":"updateContractSignedValue","decl":{"start":{"line":40,"column":15},"end":{"line":40,"column":40}},"loc":{"start":{"line":40,"column":73},"end":{"line":51,"column":1}},"line":40},"4":{"name":"addBusinessArea","decl":{"start":{"line":53,"column":15},"end":{"line":53,"column":30}},"loc":{"start":{"line":53,"column":63},"end":{"line":64,"column":1}},"line":53},"5":{"name":"createUser","decl":{"start":{"line":66,"column":15},"end":{"line":66,"column":25}},"loc":{"start":{"line":66,"column":74},"end":{"line":78,"column":1}},"line":66},"6":{"name":"updateUserPolicy","decl":{"start":{"line":80,"column":15},"end":{"line":80,"column":31}},"loc":{"start":{"line":80,"column":52},"end":{"line":90,"column":1}},"line":80},"7":{"name":"changePassword","decl":{"start":{"line":92,"column":15},"end":{"line":92,"column":29}},"loc":{"start":{"line":92,"column":58},"end":{"line":102,"column":1}},"line":92},"8":{"name":"updateGeneralInfo","decl":{"start":{"line":104,"column":15},"end":{"line":104,"column":32}},"loc":{"start":{"line":104,"column":77},"end":{"line":114,"column":1}},"line":104},"9":{"name":"createCard","decl":{"start":{"line":116,"column":15},"end":{"line":116,"column":25}},"loc":{"start":{"line":116,"column":66},"end":{"line":127,"column":1}},"line":116},"10":{"name":"introspect","decl":{"start":{"line":129,"column":15},"end":{"line":129,"column":25}},"loc":{"start":{"line":129,"column":33},"end":{"line":138,"column":1}},"line":129},"11":{"name":"preauthorize","decl":{"start":{"line":140,"column":15},"end":{"line":140,"column":27}},"loc":{"start":{"line":140,"column":48},"end":{"line":150,"column":1}},"line":140},"12":{"name":"fortunaSpecificFXrate","decl":{"start":{"line":152,"column":15},"end":{"line":152,"column":36}},"loc":{"start":{"line":152,"column":76},"end":{"line":162,"column":1}},"line":152}},"branchMap":{},"s":{"0":1,"1":1,"2":5,"3":5,"4":5,"5":5,"6":0,"7":0,"8":0,"9":0,"10":0,"11":0,"12":0,"13":0,"14":0,"15":0,"16":0,"17":0,"18":0,"19":0,"20":0,"21":0,"22":0,"23":0,"24":0,"25":0,"26":0,"27":0,"28":0,"29":0,"30":0,"31":0,"32":0,"33":0,"34":0,"35":0,"36":0,"37":0,"38":0,"39":0,"40":0,"41":0,"42":0,"43":0,"44":0,"45":0,"46":0,"47":0,"48":0,"49":0,"50":0,"51":0,"52":0,"53":0,"54":0,"55":0,"56":5,"57":5,"58":5,"59":0,"60":5,"61":5,"62":5,"63":5,"64":0,"65":5,"66":5,"67":5,"68":5,"69":0,"70":1},"f":{"0":5,"1":0,"2":0,"3":0,"4":0,"5":0,"6":0,"7":0,"8":0,"9":0,"10":5,"11":5,"12":5},"b":{},"_coverageSchema":"1a1c01bbd47fc00a2c39e90264f33305004495a9","hash":"9f6422704a9a10a2bd06a499744221f03fe1d332"}
,"/Users/jason.lopez/backend-framework/tests/data/identity_data.js": {"path":"/Users/jason.lopez/backend-framework/tests/data/identity_data.js","statementMap":{"0":{"start":{"line":1,"column":21},"end":{"line":4,"column":1}},"1":{"start":{"line":6,"column":0},"end":{"line":8,"column":4}}},"fnMap":{},"branchMap":{},"s":{"0":1,"1":1},"f":{},"b":{},"_coverageSchema":"1a1c01bbd47fc00a2c39e90264f33305004495a9","hash":"a24c7b97de9872935e2c56576d3a424a4263d2e8"}
,"/Users/jason.lopez/backend-framework/tests/data/kafka_events.js": {"path":"/Users/jason.lopez/backend-framework/tests/data/kafka_events.js","statementMap":{"0":{"start":{"line":1,"column":25},"end":{"line":36,"column":1}},"1":{"start":{"line":38,"column":25},"end":{"line":63,"column":1}},"2":{"start":{"line":65,"column":0},"end":{"line":68,"column":1}}},"fnMap":{},"branchMap":{},"s":{"0":1,"1":1,"2":1},"f":{},"b":{},"_coverageSchema":"1a1c01bbd47fc00a2c39e90264f33305004495a9","hash":"e3ba7650e029392211261cc1ffe96dfd07ff464e"}
,"/Users/jason.lopez/backend-framework/tests/data/ledger_data.js": {"path":"/Users/jason.lopez/backend-framework/tests/data/ledger_data.js","statementMap":{"0":{"start":{"line":1,"column":14},"end":{"line":22,"column":1}},"1":{"start":{"line":24,"column":0},"end":{"line":26,"column":4}}},"fnMap":{},"branchMap":{},"s":{"0":1,"1":1},"f":{},"b":{},"_coverageSchema":"1a1c01bbd47fc00a2c39e90264f33305004495a9","hash":"55e38abc7ad6961679ffa8e8d5df44ef6786fe81"}
,"/Users/jason.lopez/backend-framework/utils/apiHelper.js": {"path":"/Users/jason.lopez/backend-framework/utils/apiHelper.js","statementMap":{"0":{"start":{"line":1,"column":18},"end":{"line":1,"column":38}},"1":{"start":{"line":4,"column":12},"end":{"line":4,"column":45}},"2":{"start":{"line":5,"column":16},"end":{"line":5,"column":30}},"3":{"start":{"line":8,"column":12},"end":{"line":8,"column":33}},"4":{"start":{"line":9,"column":2},"end":{"line":11,"column":3}},"5":{"start":{"line":10,"column":4},"end":{"line":10,"column":54}},"6":{"start":{"line":12,"column":14},"end":{"line":12,"column":23}},"7":{"start":{"line":13,"column":2},"end":{"line":13,"column":36}},"8":{"start":{"line":14,"column":2},"end":{"line":14,"column":18}},"9":{"start":{"line":18,"column":12},"end":{"line":18,"column":45}},"10":{"start":{"line":19,"column":2},"end":{"line":19,"column":31}},"11":{"start":{"line":20,"column":2},"end":{"line":22,"column":3}},"12":{"start":{"line":21,"column":4},"end":{"line":21,"column":54}},"13":{"start":{"line":23,"column":14},"end":{"line":23,"column":23}},"14":{"start":{"line":24,"column":2},"end":{"line":24,"column":36}},"15":{"start":{"line":25,"column":2},"end":{"line":25,"column":18}},"16":{"start":{"line":29,"column":12},"end":{"line":29,"column":44}},"17":{"start":{"line":30,"column":2},"end":{"line":30,"column":31}},"18":{"start":{"line":31,"column":2},"end":{"line":33,"column":3}},"19":{"start":{"line":32,"column":4},"end":{"line":32,"column":54}},"20":{"start":{"line":34,"column":14},"end":{"line":34,"column":23}},"21":{"start":{"line":35,"column":2},"end":{"line":35,"column":36}},"22":{"start":{"line":36,"column":2},"end":{"line":36,"column":18}},"23":{"start":{"line":39,"column":0},"end":{"line":39,"column":36}}},"fnMap":{"0":{"name":"get","decl":{"start":{"line":7,"column":15},"end":{"line":7,"column":18}},"loc":{"start":{"line":7,"column":43},"end":{"line":15,"column":1}},"line":7},"1":{"name":"post","decl":{"start":{"line":17,"column":15},"end":{"line":17,"column":19}},"loc":{"start":{"line":17,"column":50},"end":{"line":26,"column":1}},"line":17},"2":{"name":"put","decl":{"start":{"line":28,"column":15},"end":{"line":28,"column":18}},"loc":{"start":{"line":28,"column":49},"end":{"line":37,"column":1}},"line":28}},"branchMap":{"0":{"loc":{"start":{"line":7,"column":29},"end":{"line":7,"column":41}},"type":"default-arg","locations":[{"start":{"line":7,"column":37},"end":{"line":7,"column":41}}],"line":7},"1":{"loc":{"start":{"line":9,"column":2},"end":{"line":11,"column":3}},"type":"if","locations":[{"start":{"line":9,"column":2},"end":{"line":11,"column":3}},{"start":{},"end":{}}],"line":9},"2":{"loc":{"start":{"line":17,"column":36},"end":{"line":17,"column":48}},"type":"default-arg","locations":[{"start":{"line":17,"column":44},"end":{"line":17,"column":48}}],"line":17},"3":{"loc":{"start":{"line":20,"column":2},"end":{"line":22,"column":3}},"type":"if","locations":[{"start":{"line":20,"column":2},"end":{"line":22,"column":3}},{"start":{},"end":{}}],"line":20},"4":{"loc":{"start":{"line":28,"column":35},"end":{"line":28,"column":47}},"type":"default-arg","locations":[{"start":{"line":28,"column":43},"end":{"line":28,"column":47}}],"line":28},"5":{"loc":{"start":{"line":31,"column":2},"end":{"line":33,"column":3}},"type":"if","locations":[{"start":{"line":31,"column":2},"end":{"line":33,"column":3}},{"start":{},"end":{}}],"line":31}},"s":{"0":1,"1":1,"2":1,"3":10,"4":10,"5":10,"6":10,"7":10,"8":10,"9":10,"10":10,"11":10,"12":5,"13":10,"14":10,"15":10,"16":0,"17":0,"18":0,"19":0,"20":0,"21":0,"22":0,"23":1},"f":{"0":10,"1":10,"2":0},"b":{"0":[0],"1":[10,0],"2":[5],"3":[5,5],"4":[0],"5":[0,0]},"_coverageSchema":"1a1c01bbd47fc00a2c39e90264f33305004495a9","hash":"43119142d41a1d080081acc8832d4291ea88990a"}
,"/Users/jason.lopez/backend-framework/utils/kafkaHelper.js": {"path":"/Users/jason.lopez/backend-framework/utils/kafkaHelper.js","statementMap":{"0":{"start":{"line":1,"column":0},"end":{"line":1,"column":49}},"1":{"start":{"line":3,"column":18},"end":{"line":3,"column":36}},"2":{"start":{"line":4,"column":37},"end":{"line":4,"column":71}},"3":{"start":{"line":7,"column":4},"end":{"line":16,"column":7}},"4":{"start":{"line":21,"column":19},"end":{"line":21,"column":21}},"5":{"start":{"line":23,"column":4},"end":{"line":32,"column":5}},"6":{"start":{"line":24,"column":8},"end":{"line":31,"column":11}},"7":{"start":{"line":34,"column":4},"end":{"line":34,"column":35}},"8":{"start":{"line":36,"column":18},"end":{"line":36,"column":37}},"9":{"start":{"line":37,"column":21},"end":{"line":37,"column":37}},"10":{"start":{"line":38,"column":4},"end":{"line":38,"column":29}},"11":{"start":{"line":39,"column":4},"end":{"line":42,"column":7}},"12":{"start":{"line":41,"column":43},"end":{"line":41,"column":77}},"13":{"start":{"line":43,"column":4},"end":{"line":43,"column":32}},"14":{"start":{"line":46,"column":0},"end":{"line":46,"column":31}}},"fnMap":{"0":{"name":"createKafkaClient","decl":{"start":{"line":6,"column":9},"end":{"line":6,"column":26}},"loc":{"start":{"line":6,"column":29},"end":{"line":17,"column":1}},"line":6},"1":{"name":"sendEvent","decl":{"start":{"line":19,"column":15},"end":{"line":19,"column":24}},"loc":{"start":{"line":19,"column":48},"end":{"line":44,"column":1}},"line":19},"2":{"name":"(anonymous_2)","decl":{"start":{"line":41,"column":31},"end":{"line":41,"column":32}},"loc":{"start":{"line":41,"column":43},"end":{"line":41,"column":77}},"line":41}},"branchMap":{},"s":{"0":1,"1":1,"2":1,"3":10,"4":10,"5":10,"6":10,"7":10,"8":10,"9":10,"10":10,"11":10,"12":10,"13":10,"14":1},"f":{"0":10,"1":10,"2":10},"b":{},"_coverageSchema":"1a1c01bbd47fc00a2c39e90264f33305004495a9","hash":"370b570239ff51030189a9a55529eb13b69b9d94"}
,"/Users/jason.lopez/backend-framework/utils/postgresHelper.js": {"path":"/Users/jason.lopez/backend-framework/utils/postgresHelper.js","statementMap":{"0":{"start":{"line":1,"column":17},"end":{"line":1,"column":30}},"1":{"start":{"line":3,"column":31},"end":{"line":4,"column":102}},"2":{"start":{"line":4,"column":4},"end":{"line":4,"column":102}},"3":{"start":{"line":6,"column":19},"end":{"line":11,"column":2}},"4":{"start":{"line":6,"column":41},"end":{"line":11,"column":2}},"5":{"start":{"line":13,"column":19},"end":{"line":21,"column":2}},"6":{"start":{"line":23,"column":18},"end":{"line":31,"column":2}},"7":{"start":{"line":35,"column":19},"end":{"line":35,"column":39}},"8":{"start":{"line":36,"column":4},"end":{"line":44,"column":5}},"9":{"start":{"line":37,"column":20},"end":{"line":37,"column":53}},"10":{"start":{"line":38,"column":8},"end":{"line":38,"column":24}},"11":{"start":{"line":40,"column":8},"end":{"line":40,"column":23}},"12":{"start":{"line":41,"column":8},"end":{"line":41,"column":16}},"13":{"start":{"line":43,"column":8},"end":{"line":43,"column":25}},"14":{"start":{"line":47,"column":0},"end":{"line":50,"column":2}},"15":{"start":{"line":48,"column":43},"end":{"line":48,"column":82}},"16":{"start":{"line":49,"column":42},"end":{"line":49,"column":80}}},"fnMap":{"0":{"name":"(anonymous_0)","decl":{"start":{"line":3,"column":31},"end":{"line":3,"column":32}},"loc":{"start":{"line":4,"column":4},"end":{"line":4,"column":102}},"line":4},"1":{"name":"(anonymous_1)","decl":{"start":{"line":6,"column":19},"end":{"line":6,"column":20}},"loc":{"start":{"line":6,"column":41},"end":{"line":11,"column":2}},"line":6},"2":{"name":"executeQuery","decl":{"start":{"line":34,"column":15},"end":{"line":34,"column":27}},"loc":{"start":{"line":34,"column":49},"end":{"line":45,"column":1}},"line":34},"3":{"name":"(anonymous_3)","decl":{"start":{"line":48,"column":24},"end":{"line":48,"column":25}},"loc":{"start":{"line":48,"column":43},"end":{"line":48,"column":82}},"line":48},"4":{"name":"(anonymous_4)","decl":{"start":{"line":49,"column":23},"end":{"line":49,"column":24}},"loc":{"start":{"line":49,"column":42},"end":{"line":49,"column":80}},"line":49}},"branchMap":{},"s":{"0":1,"1":1,"2":2,"3":1,"4":2,"5":1,"6":1,"7":43,"8":43,"9":43,"10":43,"11":0,"12":0,"13":43,"14":1,"15":43,"16":0},"f":{"0":2,"1":2,"2":43,"3":43,"4":0},"b":{},"_coverageSchema":"1a1c01bbd47fc00a2c39e90264f33305004495a9","hash":"2a5dc1a07e8e477cb156a4659169f25b032c0246"}
,"/Users/jason.lopez/backend-framework/utils/utilsHelper.js": {"path":"/Users/jason.lopez/backend-framework/utils/utilsHelper.js","statementMap":{"0":{"start":{"line":2,"column":50},"end":{"line":2,"column":84}},"1":{"start":{"line":6,"column":22},"end":{"line":6,"column":24}},"2":{"start":{"line":7,"column":16},"end":{"line":7,"column":20}},"3":{"start":{"line":8,"column":25},"end":{"line":8,"column":26}},"4":{"start":{"line":10,"column":4},"end":{"line":10,"column":24}},"5":{"start":{"line":11,"column":4},"end":{"line":23,"column":67}},"6":{"start":{"line":12,"column":8},"end":{"line":16,"column":9}},"7":{"start":{"line":13,"column":12},"end":{"line":13,"column":62}},"8":{"start":{"line":14,"column":14},"end":{"line":16,"column":9}},"9":{"start":{"line":15,"column":12},"end":{"line":15,"column":61}},"10":{"start":{"line":18,"column":8},"end":{"line":22,"column":9}},"11":{"start":{"line":19,"column":12},"end":{"line":19,"column":105}},"12":{"start":{"line":20,"column":12},"end":{"line":20,"column":69}},"13":{"start":{"line":20,"column":41},"end":{"line":20,"column":67}},"14":{"start":{"line":21,"column":12},"end":{"line":21,"column":29}},"15":{"start":{"line":25,"column":4},"end":{"line":29,"column":5}},"16":{"start":{"line":26,"column":8},"end":{"line":26,"column":100}},"17":{"start":{"line":28,"column":8},"end":{"line":28,"column":23}},"18":{"start":{"line":33,"column":4},"end":{"line":33,"column":59}},"19":{"start":{"line":33,"column":34},"end":{"line":33,"column":57}},"20":{"start":{"line":37,"column":23},"end":{"line":37,"column":87}},"21":{"start":{"line":38,"column":4},"end":{"line":38,"column":108}},"22":{"start":{"line":38,"column":40},"end":{"line":38,"column":97}},"23":{"start":{"line":44,"column":25},"end":{"line":44,"column":42}},"24":{"start":{"line":46,"column":4},"end":{"line":97,"column":5}},"25":{"start":{"line":48,"column":12},"end":{"line":48,"column":32}},"26":{"start":{"line":49,"column":12},"end":{"line":49,"column":36}},"27":{"start":{"line":50,"column":12},"end":{"line":50,"column":27}},"28":{"start":{"line":51,"column":12},"end":{"line":51,"column":38}},"29":{"start":{"line":52,"column":12},"end":{"line":52,"column":56}},"30":{"start":{"line":53,"column":12},"end":{"line":53,"column":42}},"31":{"start":{"line":54,"column":12},"end":{"line":54,"column":37}},"32":{"start":{"line":55,"column":12},"end":{"line":55,"column":38}},"33":{"start":{"line":56,"column":12},"end":{"line":56,"column":18}},"34":{"start":{"line":58,"column":12},"end":{"line":58,"column":32}},"35":{"start":{"line":59,"column":12},"end":{"line":59,"column":36}},"36":{"start":{"line":60,"column":12},"end":{"line":60,"column":31}},"37":{"start":{"line":61,"column":12},"end":{"line":61,"column":39}},"38":{"start":{"line":62,"column":12},"end":{"line":62,"column":63}},"39":{"start":{"line":63,"column":12},"end":{"line":63,"column":41}},"40":{"start":{"line":64,"column":12},"end":{"line":64,"column":37}},"41":{"start":{"line":65,"column":12},"end":{"line":65,"column":38}},"42":{"start":{"line":66,"column":12},"end":{"line":66,"column":18}},"43":{"start":{"line":68,"column":12},"end":{"line":68,"column":32}},"44":{"start":{"line":69,"column":12},"end":{"line":69,"column":36}},"45":{"start":{"line":70,"column":12},"end":{"line":70,"column":28}},"46":{"start":{"line":71,"column":12},"end":{"line":71,"column":41}},"47":{"start":{"line":72,"column":12},"end":{"line":72,"column":55}},"48":{"start":{"line":73,"column":12},"end":{"line":73,"column":42}},"49":{"start":{"line":74,"column":12},"end":{"line":74,"column":37}},"50":{"start":{"line":75,"column":12},"end":{"line":75,"column":38}},"51":{"start":{"line":76,"column":12},"end":{"line":76,"column":18}},"52":{"start":{"line":78,"column":12},"end":{"line":78,"column":32}},"53":{"start":{"line":79,"column":12},"end":{"line":79,"column":36}},"54":{"start":{"line":80,"column":12},"end":{"line":80,"column":28}},"55":{"start":{"line":81,"column":12},"end":{"line":81,"column":33}},"56":{"start":{"line":82,"column":12},"end":{"line":82,"column":65}},"57":{"start":{"line":83,"column":12},"end":{"line":83,"column":42}},"58":{"start":{"line":84,"column":12},"end":{"line":84,"column":37}},"59":{"start":{"line":85,"column":12},"end":{"line":85,"column":38}},"60":{"start":{"line":86,"column":12},"end":{"line":86,"column":18}},"61":{"start":{"line":88,"column":12},"end":{"line":88,"column":32}},"62":{"start":{"line":89,"column":12},"end":{"line":89,"column":36}},"63":{"start":{"line":90,"column":12},"end":{"line":90,"column":33}},"64":{"start":{"line":91,"column":12},"end":{"line":91,"column":40}},"65":{"start":{"line":92,"column":12},"end":{"line":92,"column":57}},"66":{"start":{"line":93,"column":12},"end":{"line":93,"column":41}},"67":{"start":{"line":94,"column":12},"end":{"line":94,"column":37}},"68":{"start":{"line":95,"column":12},"end":{"line":95,"column":38}},"69":{"start":{"line":96,"column":12},"end":{"line":96,"column":18}},"70":{"start":{"line":99,"column":4},"end":{"line":112,"column":5}},"71":{"start":{"line":116,"column":17},"end":{"line":116,"column":27}},"72":{"start":{"line":117,"column":20},"end":{"line":117,"column":38}},"73":{"start":{"line":118,"column":4},"end":{"line":118,"column":19}},"74":{"start":{"line":122,"column":13},"end":{"line":122,"column":33}},"75":{"start":{"line":123,"column":17},"end":{"line":127,"column":6}},"76":{"start":{"line":124,"column":18},"end":{"line":124,"column":48}},"77":{"start":{"line":125,"column":8},"end":{"line":125,"column":31}},"78":{"start":{"line":126,"column":8},"end":{"line":126,"column":58}},"79":{"start":{"line":128,"column":4},"end":{"line":128,"column":16}},"80":{"start":{"line":132,"column":4},"end":{"line":132,"column":59}},"81":{"start":{"line":133,"column":4},"end":{"line":133,"column":44}},"82":{"start":{"line":134,"column":4},"end":{"line":134,"column":16}},"83":{"start":{"line":137,"column":0},"end":{"line":137,"column":101}}},"fnMap":{"0":{"name":"query","decl":{"start":{"line":4,"column":15},"end":{"line":4,"column":20}},"loc":{"start":{"line":4,"column":41},"end":{"line":30,"column":1}},"line":4},"1":{"name":"(anonymous_1)","decl":{"start":{"line":20,"column":30},"end":{"line":20,"column":31}},"loc":{"start":{"line":20,"column":41},"end":{"line":20,"column":67}},"line":20},"2":{"name":"sleep","decl":{"start":{"line":32,"column":9},"end":{"line":32,"column":14}},"loc":{"start":{"line":32,"column":19},"end":{"line":34,"column":1}},"line":32},"3":{"name":"(anonymous_3)","decl":{"start":{"line":33,"column":23},"end":{"line":33,"column":24}},"loc":{"start":{"line":33,"column":34},"end":{"line":33,"column":57}},"line":33},"4":{"name":"getRandomValue","decl":{"start":{"line":36,"column":9},"end":{"line":36,"column":23}},"loc":{"start":{"line":36,"column":32},"end":{"line":39,"column":1}},"line":36},"5":{"name":"(anonymous_5)","decl":{"start":{"line":38,"column":34},"end":{"line":38,"column":35}},"loc":{"start":{"line":38,"column":40},"end":{"line":38,"column":97}},"line":38},"6":{"name":"getCustomerDetails","decl":{"start":{"line":41,"column":9},"end":{"line":41,"column":27}},"loc":{"start":{"line":41,"column":74},"end":{"line":113,"column":1}},"line":41},"7":{"name":"getIsoDate","decl":{"start":{"line":115,"column":9},"end":{"line":115,"column":19}},"loc":{"start":{"line":115,"column":22},"end":{"line":119,"column":1}},"line":115},"8":{"name":"generateUUID","decl":{"start":{"line":121,"column":9},"end":{"line":121,"column":21}},"loc":{"start":{"line":121,"column":24},"end":{"line":129,"column":1}},"line":121},"9":{"name":"(anonymous_9)","decl":{"start":{"line":123,"column":73},"end":{"line":123,"column":74}},"loc":{"start":{"line":123,"column":85},"end":{"line":127,"column":5}},"line":123},"10":{"name":"handleError","decl":{"start":{"line":131,"column":15},"end":{"line":131,"column":26}},"loc":{"start":{"line":131,"column":47},"end":{"line":135,"column":1}},"line":131}},"branchMap":{"0":{"loc":{"start":{"line":23,"column":13},"end":{"line":23,"column":65}},"type":"binary-expr","locations":[{"start":{"line":23,"column":13},"end":{"line":23,"column":33}},{"start":{"line":23,"column":37},"end":{"line":23,"column":65}}],"line":23},"1":{"loc":{"start":{"line":12,"column":8},"end":{"line":16,"column":9}},"type":"if","locations":[{"start":{"line":12,"column":8},"end":{"line":16,"column":9}},{"start":{"line":14,"column":14},"end":{"line":16,"column":9}}],"line":12},"2":{"loc":{"start":{"line":14,"column":14},"end":{"line":16,"column":9}},"type":"if","locations":[{"start":{"line":14,"column":14},"end":{"line":16,"column":9}},{"start":{},"end":{}}],"line":14},"3":{"loc":{"start":{"line":18,"column":8},"end":{"line":22,"column":9}},"type":"if","locations":[{"start":{"line":18,"column":8},"end":{"line":22,"column":9}},{"start":{},"end":{}}],"line":18},"4":{"loc":{"start":{"line":25,"column":4},"end":{"line":29,"column":5}},"type":"if","locations":[{"start":{"line":25,"column":4},"end":{"line":29,"column":5}},{"start":{"line":27,"column":11},"end":{"line":29,"column":5}}],"line":25},"5":{"loc":{"start":{"line":46,"column":4},"end":{"line":97,"column":5}},"type":"switch","locations":[{"start":{"line":47,"column":8},"end":{"line":56,"column":18}},{"start":{"line":57,"column":8},"end":{"line":66,"column":18}},{"start":{"line":67,"column":8},"end":{"line":76,"column":18}},{"start":{"line":77,"column":8},"end":{"line":86,"column":18}},{"start":{"line":87,"column":8},"end":{"line":96,"column":18}}],"line":46},"6":{"loc":{"start":{"line":126,"column":16},"end":{"line":126,"column":43}},"type":"cond-expr","locations":[{"start":{"line":126,"column":28},"end":{"line":126,"column":29}},{"start":{"line":126,"column":33},"end":{"line":126,"column":42}}],"line":126}},"s":{"0":1,"1":25,"2":25,"3":25,"4":25,"5":25,"6":43,"7":43,"8":0,"9":0,"10":43,"11":18,"12":18,"13":18,"14":18,"15":25,"16":0,"17":25,"18":0,"19":0,"20":6,"21":6,"22":30,"23":1,"24":1,"25":1,"26":1,"27":1,"28":1,"29":1,"30":1,"31":1,"32":1,"33":1,"34":0,"35":0,"36":0,"37":0,"38":0,"39":0,"40":0,"41":0,"42":0,"43":0,"44":0,"45":0,"46":0,"47":0,"48":0,"49":0,"50":0,"51":0,"52":0,"53":0,"54":0,"55":0,"56":0,"57":0,"58":0,"59":0,"60":0,"61":0,"62":0,"63":0,"64":0,"65":0,"66":0,"67":0,"68":0,"69":0,"70":1,"71":15,"72":15,"73":15,"74":11,"75":11,"76":341,"77":341,"78":341,"79":11,"80":0,"81":0,"82":0,"83":1},"f":{"0":25,"1":18,"2":0,"3":0,"4":6,"5":30,"6":1,"7":15,"8":11,"9":341,"10":0},"b":{"0":[43,18],"1":[43,0],"2":[0,0],"3":[18,25],"4":[0,25],"5":[1,0,0,0,0],"6":[330,11]},"_coverageSchema":"1a1c01bbd47fc00a2c39e90264f33305004495a9","hash":"f1986c871367341d94301a4009974bd6b696dcec"}
}
