TN:
SF:apis/apis.js
FN:4,runAuthenticationTest
FN:16,createCustomer
FN:28,updateCustomerPolicy
FN:40,updateContractSignedValue
FN:53,addBusinessArea
FN:66,createUser
FN:80,updateUserPolicy
FN:92,changePassword
FN:104,updateGeneralInfo
FN:116,createCard
FN:129,introspect
FN:140,preauthorize
FN:152,fortunaSpecificFXrate
FNF:13
FNH:4
FNDA:5,runAuthenticationTest
FNDA:0,createCustomer
FNDA:0,updateCustomerPolicy
FNDA:0,updateContractSignedValue
FNDA:0,addBusinessArea
FNDA:0,createUser
FNDA:0,updateUserPolicy
FNDA:0,changePassword
FNDA:0,updateGeneralInfo
FNDA:0,createCard
FNDA:5,introspect
FNDA:5,preauthorize
FNDA:5,fortunaSpecificFXrate
DA:1,1
DA:2,1
DA:7,5
DA:8,5
DA:9,5
DA:10,5
DA:12,0
DA:19,0
DA:20,0
DA:21,0
DA:22,0
DA:24,0
DA:31,0
DA:32,0
DA:33,0
DA:34,0
DA:36,0
DA:43,0
DA:44,0
DA:45,0
DA:46,0
DA:47,0
DA:49,0
DA:56,0
DA:57,0
DA:58,0
DA:59,0
DA:60,0
DA:62,0
DA:70,0
DA:71,0
DA:72,0
DA:73,0
DA:74,0
DA:76,0
DA:83,0
DA:84,0
DA:85,0
DA:86,0
DA:88,0
DA:95,0
DA:96,0
DA:97,0
DA:98,0
DA:100,0
DA:107,0
DA:108,0
DA:109,0
DA:110,0
DA:112,0
DA:119,0
DA:120,0
DA:121,0
DA:122,0
DA:123,0
DA:125,0
DA:132,5
DA:133,5
DA:134,5
DA:136,0
DA:143,5
DA:144,5
DA:145,5
DA:146,5
DA:148,0
DA:155,5
DA:156,5
DA:157,5
DA:158,5
DA:160,0
DA:165,1
LF:71
LH:18
BRF:0
BRH:0
end_of_record
TN:
SF:tests/data/identity_data.js
FNF:0
FNH:0
DA:1,1
DA:6,1
LF:2
LH:2
BRF:0
BRH:0
end_of_record
TN:
SF:tests/data/kafka_events.js
FNF:0
FNH:0
DA:1,1
DA:38,1
DA:65,1
LF:3
LH:3
BRF:0
BRH:0
end_of_record
TN:
SF:tests/data/ledger_data.js
FNF:0
FNH:0
DA:1,1
DA:24,1
LF:2
LH:2
BRF:0
BRH:0
end_of_record
TN:
SF:utils/apiHelper.js
FN:7,get
FN:17,post
FN:28,put
FNF:3
FNH:2
FNDA:10,get
FNDA:10,post
FNDA:0,put
DA:1,1
DA:4,1
DA:5,1
DA:8,10
DA:9,10
DA:10,10
DA:12,10
DA:13,10
DA:14,10
DA:18,10
DA:19,10
DA:20,10
DA:21,5
DA:23,10
DA:24,10
DA:25,10
DA:29,0
DA:30,0
DA:31,0
DA:32,0
DA:34,0
DA:35,0
DA:36,0
DA:39,1
LF:24
LH:17
BRDA:7,0,0,0
BRDA:9,1,0,10
BRDA:9,1,1,0
BRDA:17,2,0,5
BRDA:20,3,0,5
BRDA:20,3,1,5
BRDA:28,4,0,0
BRDA:31,5,0,0
BRDA:31,5,1,0
BRF:9
BRH:4
end_of_record
TN:
SF:utils/kafkaHelper.js
FN:6,createKafkaClient
FN:19,sendEvent
FN:41,(anonymous_2)
FNF:3
FNH:3
FNDA:10,createKafkaClient
FNDA:10,sendEvent
FNDA:10,(anonymous_2)
DA:1,1
DA:3,1
DA:4,1
DA:7,10
DA:21,10
DA:23,10
DA:24,10
DA:34,10
DA:36,10
DA:37,10
DA:38,10
DA:39,10
DA:41,10
DA:43,10
DA:46,1
LF:15
LH:15
BRF:0
BRH:0
end_of_record
TN:
SF:utils/postgresHelper.js
FN:3,(anonymous_0)
FN:6,(anonymous_1)
FN:34,executeQuery
FN:48,(anonymous_3)
FN:49,(anonymous_4)
FNF:5
FNH:4
FNDA:2,(anonymous_0)
FNDA:2,(anonymous_1)
FNDA:43,executeQuery
FNDA:43,(anonymous_3)
FNDA:0,(anonymous_4)
DA:1,1
DA:3,1
DA:4,2
DA:6,2
DA:13,1
DA:23,1
DA:35,43
DA:36,43
DA:37,43
DA:38,43
DA:40,0
DA:41,0
DA:43,43
DA:47,1
DA:48,43
DA:49,0
LF:16
LH:13
BRF:0
BRH:0
end_of_record
TN:
SF:utils/utilsHelper.js
FN:4,query
FN:20,(anonymous_1)
FN:32,sleep
FN:33,(anonymous_3)
FN:36,getRandomValue
FN:38,(anonymous_5)
FN:41,getCustomerDetails
FN:115,getIsoDate
FN:121,generateUUID
FN:123,(anonymous_9)
FN:131,handleError
FNF:11
FNH:8
FNDA:25,query
FNDA:18,(anonymous_1)
FNDA:0,sleep
FNDA:0,(anonymous_3)
FNDA:6,getRandomValue
FNDA:30,(anonymous_5)
FNDA:1,getCustomerDetails
FNDA:15,getIsoDate
FNDA:11,generateUUID
FNDA:341,(anonymous_9)
FNDA:0,handleError
DA:2,1
DA:6,25
DA:7,25
DA:8,25
DA:10,25
DA:11,25
DA:12,43
DA:13,43
DA:14,0
DA:15,0
DA:18,43
DA:19,18
DA:20,18
DA:21,18
DA:25,25
DA:26,0
DA:28,25
DA:33,0
DA:37,6
DA:38,30
DA:44,1
DA:46,1
DA:48,1
DA:49,1
DA:50,1
DA:51,1
DA:52,1
DA:53,1
DA:54,1
DA:55,1
DA:56,1
DA:58,0
DA:59,0
DA:60,0
DA:61,0
DA:62,0
DA:63,0
DA:64,0
DA:65,0
DA:66,0
DA:68,0
DA:69,0
DA:70,0
DA:71,0
DA:72,0
DA:73,0
DA:74,0
DA:75,0
DA:76,0
DA:78,0
DA:79,0
DA:80,0
DA:81,0
DA:82,0
DA:83,0
DA:84,0
DA:85,0
DA:86,0
DA:88,0
DA:89,0
DA:90,0
DA:91,0
DA:92,0
DA:93,0
DA:94,0
DA:95,0
DA:96,0
DA:99,1
DA:116,15
DA:117,15
DA:118,15
DA:122,11
DA:123,11
DA:124,341
DA:125,341
DA:126,341
DA:128,11
DA:132,0
DA:133,0
DA:134,0
DA:137,1
LF:81
LH:38
BRDA:23,0,0,43
BRDA:23,0,1,18
BRDA:12,1,0,43
BRDA:12,1,1,0
BRDA:14,2,0,0
BRDA:14,2,1,0
BRDA:18,3,0,18
BRDA:18,3,1,25
BRDA:25,4,0,0
BRDA:25,4,1,25
BRDA:46,5,0,1
BRDA:46,5,1,0
BRDA:46,5,2,0
BRDA:46,5,3,0
BRDA:46,5,4,0
BRDA:126,6,0,330
BRDA:126,6,1,11
BRF:17
BRH:9
end_of_record
